<?xml version="1.0" encoding="UTF-8"?>
<!-- Generated by org.testng.reporters.JUnitXMLReporter -->
<testsuite ignored="1" hostname="SERVER" failures="0" tests="11" name="Default test" time="104.225" errors="0" timestamp="2022-07-04T18:39:37 IST">
  <testcase classname="com.testdriven.Features_Testng" name="refresh" time="0.792"/>
  <testcase classname="com.testdriven.Features_Testng" name="refresh" time="0.298"/>
  <testcase classname="com.testdriven.Features_Testng" name="refresh" time="0.289"/>
  <testcase classname="com.testdriven.Features_Testng" name="validcredentials" time="9.126"/>
  <testcase classname="com.testdriven.Features_Testng" name="hotellocation" time="1.727"/>
  <testcase classname="com.testdriven.Features_Testng" name="hotels" time="0.191"/>
  <testcase classname="com.testdriven.Features_Testng" name="roomtype" time="0.389"/>
  <testcase classname="com.testdriven.Features_Testng" name="rooms" time="0.079"/>
  <testcase classname="com.testdriven.Features_Testng" name="inoutdate" time="44.827"/>
  <testcase classname="com.testdriven.Features_Testng" name="search" time="2.317"/>
  <testcase classname="com.testdriven.Features_Testng" name="selecthotel" time="9.326"/>
  <testcase classname="com.testdriven.Features_Testng" name="invalidpassword" time="0.0">
    <ignored/>
  </testcase> <!-- invalidpassword -->
</testsuite> <!-- Default test -->
