<?xml version="1.0" encoding="UTF-8"?>
<testng-results ignored="1" total="12" passed="11" failed="0" skipped="0">
  <reporter-output>
  </reporter-output>
  <suite started-at="2022-07-04T18:37:51 IST" name="Default suite" finished-at="2022-07-04T18:39:35 IST" duration-ms="104225">
    <groups>
      <group name="browser launch">
        <method signature="Features_Testng.refresh()[pri:-2, instance:com.testdriven.Features_Testng@6d4e5011]" name="refresh" class="com.testdriven.Features_Testng"/>
      </group> <!-- browser launch -->
      <group name="validcredentials">
        <method signature="Features_Testng.validcredentials()[pri:-1, instance:com.testdriven.Features_Testng@6d4e5011]" name="validcredentials" class="com.testdriven.Features_Testng"/>
      </group> <!-- validcredentials -->
      <group name="Select Hotel">
        <method signature="Features_Testng.selecthotel()[pri:7, instance:com.testdriven.Features_Testng@6d4e5011]" name="selecthotel" class="com.testdriven.Features_Testng"/>
      </group> <!-- Select Hotel -->
      <group name="Search Hotel">
        <method signature="Features_Testng.hotellocation()[pri:1, instance:com.testdriven.Features_Testng@6d4e5011]" name="hotellocation" class="com.testdriven.Features_Testng"/>
        <method signature="Features_Testng.hotels()[pri:2, instance:com.testdriven.Features_Testng@6d4e5011]" name="hotels" class="com.testdriven.Features_Testng"/>
        <method signature="Features_Testng.inoutdate()[pri:5, instance:com.testdriven.Features_Testng@6d4e5011]" name="inoutdate" class="com.testdriven.Features_Testng"/>
        <method signature="Features_Testng.roomtype()[pri:3, instance:com.testdriven.Features_Testng@6d4e5011]" name="roomtype" class="com.testdriven.Features_Testng"/>
        <method signature="Features_Testng.rooms()[pri:4, instance:com.testdriven.Features_Testng@6d4e5011]" name="rooms" class="com.testdriven.Features_Testng"/>
        <method signature="Features_Testng.search()[pri:6, instance:com.testdriven.Features_Testng@6d4e5011]" name="search" class="com.testdriven.Features_Testng"/>
      </group> <!-- Search Hotel -->
    </groups>
    <test started-at="2022-07-04T18:37:51 IST" name="Default test" finished-at="2022-07-04T18:39:35 IST" duration-ms="104225">
      <class name="com.testdriven.Features_Testng">
        <test-method is-config="true" signature="setproperty()[pri:0, instance:com.testdriven.Features_Testng@6d4e5011]" started-at="2022-07-04T18:37:51 IST" name="setproperty" finished-at="2022-07-04T18:37:51 IST" duration-ms="13" status="PASS">
          <reporter-output>
          </reporter-output>
        </test-method> <!-- setproperty -->
        <test-method is-config="true" signature="browserlaunch()[pri:0, instance:com.testdriven.Features_Testng@6d4e5011]" started-at="2022-07-04T18:37:51 IST" name="browserlaunch" finished-at="2022-07-04T18:38:19 IST" duration-ms="28255" status="PASS">
          <reporter-output>
          </reporter-output>
        </test-method> <!-- browserlaunch -->
        <test-method is-config="true" signature="geturl()[pri:0, instance:com.testdriven.Features_Testng@6d4e5011]" started-at="2022-07-04T18:38:19 IST" name="geturl" finished-at="2022-07-04T18:38:25 IST" duration-ms="6480" status="PASS">
          <reporter-output>
          </reporter-output>
        </test-method> <!-- geturl -->
        <test-method signature="refresh()[pri:-2, instance:com.testdriven.Features_Testng@6d4e5011]" started-at="2022-07-04T18:38:25 IST" name="refresh" finished-at="2022-07-04T18:38:26 IST" duration-ms="792" status="PASS">
          <reporter-output>
          </reporter-output>
        </test-method> <!-- refresh -->
        <test-method signature="refresh()[pri:-2, instance:com.testdriven.Features_Testng@6d4e5011]" started-at="2022-07-04T18:38:26 IST" name="refresh" finished-at="2022-07-04T18:38:27 IST" duration-ms="298" status="PASS">
          <reporter-output>
          </reporter-output>
        </test-method> <!-- refresh -->
        <test-method signature="refresh()[pri:-2, instance:com.testdriven.Features_Testng@6d4e5011]" started-at="2022-07-04T18:38:27 IST" name="refresh" finished-at="2022-07-04T18:38:27 IST" duration-ms="289" status="PASS">
          <reporter-output>
          </reporter-output>
        </test-method> <!-- refresh -->
        <test-method signature="validcredentials()[pri:-1, instance:com.testdriven.Features_Testng@6d4e5011]" started-at="2022-07-04T18:38:27 IST" name="validcredentials" finished-at="2022-07-04T18:38:36 IST" duration-ms="9126" status="PASS">
          <reporter-output>
          </reporter-output>
        </test-method> <!-- validcredentials -->
        <test-method signature="hotellocation()[pri:1, instance:com.testdriven.Features_Testng@6d4e5011]" started-at="2022-07-04T18:38:36 IST" name="hotellocation" finished-at="2022-07-04T18:38:38 IST" duration-ms="1727" status="PASS">
          <reporter-output>
          </reporter-output>
        </test-method> <!-- hotellocation -->
        <test-method signature="hotels()[pri:2, instance:com.testdriven.Features_Testng@6d4e5011]" started-at="2022-07-04T18:38:38 IST" name="hotels" finished-at="2022-07-04T18:38:38 IST" depends-on-methods="com.testdriven.Features_Testng.hotellocation" duration-ms="191" status="PASS">
          <reporter-output>
          </reporter-output>
        </test-method> <!-- hotels -->
        <test-method signature="roomtype()[pri:3, instance:com.testdriven.Features_Testng@6d4e5011]" started-at="2022-07-04T18:38:38 IST" name="roomtype" finished-at="2022-07-04T18:38:38 IST" duration-ms="389" status="PASS">
          <reporter-output>
          </reporter-output>
        </test-method> <!-- roomtype -->
        <test-method signature="rooms()[pri:4, instance:com.testdriven.Features_Testng@6d4e5011]" started-at="2022-07-04T18:38:38 IST" name="rooms" finished-at="2022-07-04T18:38:38 IST" duration-ms="79" status="PASS">
          <reporter-output>
          </reporter-output>
        </test-method> <!-- rooms -->
        <test-method signature="inoutdate()[pri:5, instance:com.testdriven.Features_Testng@6d4e5011]" started-at="2022-07-04T18:38:38 IST" name="inoutdate" finished-at="2022-07-04T18:39:23 IST" duration-ms="44827" status="PASS">
          <reporter-output>
          </reporter-output>
        </test-method> <!-- inoutdate -->
        <test-method signature="search()[pri:6, instance:com.testdriven.Features_Testng@6d4e5011]" started-at="2022-07-04T18:39:23 IST" name="search" finished-at="2022-07-04T18:39:26 IST" duration-ms="2317" status="PASS">
          <reporter-output>
          </reporter-output>
        </test-method> <!-- search -->
        <test-method signature="selecthotel()[pri:7, instance:com.testdriven.Features_Testng@6d4e5011]" started-at="2022-07-04T18:39:26 IST" name="selecthotel" finished-at="2022-07-04T18:39:35 IST" duration-ms="9326" status="PASS">
          <reporter-output>
          </reporter-output>
        </test-method> <!-- selecthotel -->
      </class> <!-- com.testdriven.Features_Testng -->
    </test> <!-- Default test -->
  </suite> <!-- Default suite -->
</testng-results>
